<?xml version="1.0" encoding="utf-8"?><testsuites name="pytest tests"><testsuite name="pytest" errors="0" failures="0" skipped="0" tests="32" time="3.188" timestamp="2026-07-02T00:04:51.392137+00:00" hostname="agent-env-82bb7bad-a502-4a7c-bd16-837fb7fc10a3"><testcase classname="tests.test_email_service" name="test_email_skipped_when_disabled" time="0.003" /><testcase classname="tests.test_email_service" name="test_email_skipped_when_api_key_missing" time="0.001" /><testcase classname="tests.test_email_service" name="test_email_attempted_when_enabled_and_new" time="0.002" /><testcase classname="tests.test_email_service" name="test_email_not_sent_for_duplicate_submission" time="0.001" /><testcase classname="tests.test_email_service" name="test_email_failure_does_not_raise" time="0.003" /><testcase classname="tests.test_email_service" name="test_internal_notification_payload_includes_required_fields" time="0.002" /><testcase classname="tests.test_email_service" name="test_internal_notification_shows_not_provided_for_blank_relevant_fields" time="0.002" /><testcase classname="tests.test_email_service" name="test_non_form_lead_types_never_trigger_email" time="0.001" /><testcase classname="tests.test_leads.TestHealth" name="test_health_check" time="0.136" /><testcase classname="tests.test_leads.TestLeads" name="test_create_lead_trial_and_verify_count_increment" time="0.212" /><testcase classname="tests.test_leads.TestLeads" name="test_duplicate_submission_within_24h_returns_same_lead" time="0.240" /><testcase classname="tests.test_leads.TestLeads" name="test_create_lead_mockup" time="0.106" /><testcase classname="tests.test_leads.TestLeads" name="test_create_lead_pilot" time="0.095" /><testcase classname="tests.test_leads.TestLeads" name="test_create_lead_partner" time="0.099" /><testcase classname="tests.test_leads.TestLeads" name="test_create_lead_trial_saves_qualification_fields" time="0.102" /><testcase classname="tests.test_leads.TestLeads" name="test_create_lead_mockup_saves_service_and_workflow" time="0.101" /><testcase classname="tests.test_leads.TestLeads" name="test_create_lead_partner_saves_partner_type_and_service_area" time="0.096" /><testcase classname="tests.test_leads.TestLeads" name="test_create_lead_invalid_type_rejected" time="0.109" /><testcase classname="tests.test_leads.TestLeads" name="test_create_lead_missing_email_rejected" time="0.101" /><testcase classname="tests.test_leads.TestLeads" name="test_create_lead_invalid_email_rejected" time="0.092" /><testcase classname="tests.test_leads.TestLeads" name="test_leads_count_endpoint_returns_int" time="0.102" /><testcase classname="tests.test_leads.TestAdminLeads" name="test_admin_leads_list_returns_leads_no_id_leak" time="0.147" /><testcase classname="tests.test_leads.TestAdminLeads" name="test_admin_leads_missing_key_returns_401" time="0.093" /><testcase classname="tests.test_leads.TestAdminLeads" name="test_admin_leads_wrong_key_returns_403" time="0.096" /><testcase classname="tests.test_leads.TestAdminLeads" name="test_admin_key_never_echoed_in_response" time="0.111" /><testcase classname="tests.test_leads.TestAdminLeads" name="test_admin_lead_status_update" time="0.161" /><testcase classname="tests.test_leads.TestAdminLeads" name="test_admin_lead_status_update_missing_key_returns_401" time="0.143" /><testcase classname="tests.test_leads.TestAdminLeads" name="test_admin_lead_status_update_rejects_invalid_status" time="0.146" /><testcase classname="tests.test_leads.TestAdminLeads" name="test_admin_lead_status_update_unknown_id_returns_404" time="0.099" /><testcase classname="tests.test_leads.TestAdminLeads" name="test_legacy_document_without_new_fields_does_not_break" time="0.109" /><testcase classname="tests.test_leads.TestHoneypot" name="test_honeypot_filled_does_not_create_real_lead" time="0.093" /><testcase classname="tests.test_leads.TestHoneypot" name="test_honeypot_empty_creates_real_lead" time="0.101" /></testsuite></testsuites>