<?xml version="1.0" encoding="utf-8"?><testsuites name="pytest tests"><testsuite name="pytest" errors="0" failures="0" skipped="0" tests="9" time="1.113" timestamp="2026-07-01T21:57:31.313431+00:00" hostname="agent-env-82bb7bad-a502-4a7c-bd16-837fb7fc10a3"><testcase classname="backend.tests.test_leads.TestHealth" name="test_health_check" time="0.138" /><testcase classname="backend.tests.test_leads.TestLeads" name="test_create_lead_trial_and_verify_count_increment" time="0.183" /><testcase classname="backend.tests.test_leads.TestLeads" name="test_create_lead_mockup" time="0.107" /><testcase classname="backend.tests.test_leads.TestLeads" name="test_create_lead_pilot" time="0.101" /><testcase classname="backend.tests.test_leads.TestLeads" name="test_create_lead_partner" time="0.102" /><testcase classname="backend.tests.test_leads.TestLeads" name="test_create_lead_invalid_type_rejected" time="0.106" /><testcase classname="backend.tests.test_leads.TestLeads" name="test_create_lead_missing_email_rejected" time="0.100" /><testcase classname="backend.tests.test_leads.TestLeads" name="test_create_lead_invalid_email_rejected" time="0.103" /><testcase classname="backend.tests.test_leads.TestLeads" name="test_leads_count_endpoint_returns_int" time="0.102" /></testsuite></testsuites>